<?xml version="1.0" encoding="UTF-8"?>
<!-- Generated by org.testng.reporters.JUnitReportReporter -->
<testsuite hostname="LAPTOP-1I2596E2" name="DriverFactory.DriverScript" tests="1" failures="0" timestamp="27 May 2020 03:13:08 GMT" time="105.796" errors="0">
  <testcase name="startTest" time="105.796" classname="DriverFactory.DriverScript"/>
</testsuite> <!-- DriverFactory.DriverScript -->
